<?xml version="1.0" encoding="UTF-8"?>
<!-- Generated by org.testng.reporters.JUnitXMLReporter -->
<testsuite hostname="DESKTOP-FFDIBMI" ignored="0" name="Test" tests="5" failures="0" timestamp="09 Apr 2020 08:58:37 GMT" time="265.432" errors="0">
  <testcase name="method" time="2.343" classname="SeleniumPractice.Maven1.IciciHomeTest"/>
  <testcase name="method2" time="2.754" classname="SeleniumPractice.Maven1.IciciHomeTest"/>
  <testcase name="method3" time="0.326" classname="SeleniumPractice.Maven1.IciciHomeTest"/>
  <testcase name="displayText" time="0.141" classname="SeleniumPractice.Maven1.IciciBenefitTest"/>
  <testcase name="displaydofd" time="0.055" classname="SeleniumPractice.Maven1.IciciBenefitTest"/>
</testsuite> <!-- Test -->
